model-1593970697,1593970698.486,0.36,0.222,0.25,0.224,0
model-1593970697,1593970698.666,0.35,0.2231,0.27,0.2238,0
model-1593970697,1593970698.84,0.32,0.2228,0.24,0.2229,0
model-1593970697,1593970699.011,0.41,0.2199,0.38,0.2193,0
model-1593970697,1593970699.178,0.21,0.2234,0.33,0.2187,0
model-1593970697,1593970699.348,0.37,0.2202,0.49,0.2186,0
model-1593970697,1593970699.524,0.51,0.2183,0.64,0.2168,0
model-1593970697,1593970699.696,0.57,0.2185,0.56,0.2184,0
model-1593970697,1593970699.866,0.54,0.2174,0.53,0.213,0
model-1593970697,1593970700.033,0.47,0.2182,0.57,0.2154,0
model-1593970697,1593970700.204,0.59,0.2148,0.6,0.2116,0
model-1593970697,1593970700.371,0.57,0.2118,0.52,0.2128,0
model-1593970697,1593970700.54,0.52,0.2122,0.6,0.2038,0
model-1593970697,1593970700.709,0.41,0.2142,0.53,0.2094,0
model-1593970697,1593970700.874,0.47,0.2098,0.68,0.2051,0
model-1593970697,1593970701.043,0.71,0.2067,0.49,0.2048,0
model-1593970697,1593970701.218,0.47,0.2066,0.54,0.2042,0
model-1593970697,1593970701.389,0.5,0.2041,0.65,0.1976,0
model-1593970697,1593970701.558,0.56,0.197,0.57,0.1868,0
model-1593970697,1593970701.726,0.55,0.1916,0.42,0.2063,0
model-1593970697,1593970701.895,0.4,0.1991,0.54,0.1937,0
model-1593970697,1593970702.064,0.56,0.1905,0.68,0.1797,0
model-1593970697,1593970702.232,0.57,0.1819,0.49,0.1965,0
model-1593970697,1593970702.403,0.63,0.1779,0.63,0.1773,0
model-1593970697,1593970702.575,0.61,0.1839,0.56,0.1835,0
model-1593970697,1593970702.743,0.51,0.1864,0.45,0.199,0
model-1593970697,1593970702.915,0.49,0.1958,0.55,0.1837,0
model-1593970697,1593970703.087,0.57,0.1805,0.54,0.1809,0
model-1593970697,1593970703.264,0.58,0.1806,0.55,0.1856,0
model-1593970697,1593970703.427,0.49,0.1975,0.62,0.1749,0
model-1593970697,1593970703.592,0.53,0.1899,0.65,0.1743,0
model-1593970697,1593970703.765,0.58,0.1685,0.67,0.1613,0
model-1593970697,1593970703.934,0.61,0.1721,0.62,0.1603,0
model-1593970697,1593970704.103,0.45,0.1861,0.57,0.1814,0
model-1593970697,1593970704.273,0.56,0.175,0.69,0.1646,0
model-1593970697,1593970704.446,0.68,0.161,0.63,0.1711,0
model-1593970697,1593970704.616,0.5,0.1896,0.58,0.1733,0
model-1593970697,1593970704.785,0.55,0.1767,0.55,0.1812,0
model-1593970697,1593970704.956,0.6,0.1738,0.55,0.1785,0
model-1593970697,1593970705.035,0.8,0.1235,0.53,0.1805,0
model-1593970697,1593970705.205,0.58,0.1666,0.55,0.1741,1
model-1593970697,1593970705.379,0.54,0.1815,0.58,0.168,1
model-1593970697,1593970705.549,0.58,0.1655,0.62,0.1539,1
model-1593970697,1593970705.718,0.52,0.1744,0.61,0.1621,1
model-1593970697,1593970705.893,0.69,0.1484,0.58,0.1668,1
model-1593970697,1593970706.061,0.53,0.1776,0.55,0.1723,1
model-1593970697,1593970706.231,0.71,0.1493,0.69,0.1519,1
model-1593970697,1593970706.4,0.6,0.1664,0.7,0.1412,1
model-1593970697,1593970706.571,0.68,0.1565,0.58,0.1701,1
model-1593970697,1593970706.741,0.69,0.1404,0.64,0.1464,1
model-1593970697,1593970706.905,0.66,0.1592,0.6,0.165,1
model-1593970697,1593970707.078,0.58,0.1513,0.69,0.1514,1
model-1593970697,1593970707.252,0.64,0.1539,0.63,0.1393,1
model-1593970697,1593970707.42,0.6,0.1641,0.69,0.1493,1
model-1593970697,1593970707.587,0.71,0.1526,0.67,0.1462,1
model-1593970697,1593970707.759,0.76,0.1485,0.73,0.1528,1
model-1593970697,1593970707.932,0.59,0.1635,0.68,0.1576,1
model-1593970697,1593970708.101,0.57,0.163,0.63,0.1566,1
model-1593970697,1593970708.275,0.68,0.1523,0.72,0.1369,1
model-1593970697,1593970708.453,0.72,0.1401,0.67,0.1472,1
model-1593970697,1593970708.617,0.69,0.1455,0.59,0.1743,1
model-1593970697,1593970708.789,0.71,0.1367,0.62,0.1505,1
model-1593970697,1593970708.954,0.64,0.1472,0.62,0.1455,1
model-1593970697,1593970709.125,0.69,0.1425,0.61,0.139,1
model-1593970697,1593970709.296,0.67,0.1459,0.58,0.1559,1
model-1593970697,1593970709.463,0.69,0.1353,0.6,0.1683,1
model-1593970697,1593970709.631,0.64,0.1484,0.65,0.146,1
model-1593970697,1593970709.805,0.61,0.1573,0.68,0.1478,1
model-1593970697,1593970709.975,0.68,0.1486,0.71,0.1369,1
model-1593970697,1593970710.158,0.65,0.1552,0.72,0.1406,1
model-1593970697,1593970710.336,0.63,0.1616,0.63,0.1554,1
model-1593970697,1593970710.507,0.71,0.1352,0.68,0.1436,1
model-1593970697,1593970710.679,0.65,0.1442,0.69,0.1283,1
model-1593970697,1593970710.852,0.64,0.1516,0.71,0.1311,1
model-1593970697,1593970711.024,0.7,0.1433,0.73,0.1253,1
model-1593970697,1593970711.19,0.75,0.1245,0.63,0.1514,1
model-1593970697,1593970711.36,0.57,0.1755,0.59,0.155,1
model-1593970697,1593970711.531,0.67,0.145,0.6,0.1511,1
model-1593970697,1593970711.698,0.65,0.1503,0.73,0.1232,1
model-1593970697,1593970711.776,0.73,0.1103,0.64,0.1428,1
model-1593970697,1593970711.952,0.71,0.135,0.62,0.1622,2
model-1593970697,1593970712.124,0.65,0.1442,0.63,0.1521,2
model-1593970697,1593970712.299,0.73,0.1396,0.73,0.1268,2
model-1593970697,1593970712.473,0.73,0.1375,0.67,0.1449,2
model-1593970697,1593970712.642,0.76,0.1239,0.65,0.1474,2
model-1593970697,1593970712.815,0.66,0.1359,0.68,0.1441,2
model-1593970697,1593970712.989,0.76,0.1197,0.63,0.1531,2
model-1593970697,1593970713.159,0.59,0.1561,0.63,0.1461,2
model-1593970697,1593970713.326,0.72,0.1264,0.7,0.1279,2
model-1593970697,1593970713.496,0.76,0.116,0.75,0.1193,2
model-1593970697,1593970713.668,0.68,0.1424,0.75,0.1283,2
model-1593970697,1593970713.835,0.76,0.1208,0.7,0.1256,2
model-1593970697,1593970714.004,0.74,0.1277,0.73,0.1316,2
model-1593970697,1593970714.176,0.69,0.1425,0.69,0.1419,2
model-1593970697,1593970714.345,0.73,0.1297,0.74,0.1218,2
model-1593970697,1593970714.51,0.78,0.1238,0.71,0.1351,2
model-1593970697,1593970714.679,0.66,0.1534,0.67,0.1455,2
model-1593970697,1593970714.846,0.66,0.1457,0.64,0.146,2
model-1593970697,1593970715.015,0.7,0.1395,0.73,0.1241,2
model-1593970697,1593970715.189,0.75,0.1229,0.71,0.1305,2
model-1593970697,1593970715.36,0.7,0.1311,0.7,0.1251,2
model-1593970697,1593970715.535,0.79,0.1043,0.63,0.159,2
model-1593970697,1593970715.704,0.73,0.1258,0.69,0.1394,2
model-1593970697,1593970715.871,0.7,0.1284,0.67,0.1313,2
model-1593970697,1593970716.041,0.68,0.1349,0.73,0.1178,2
model-1593970697,1593970716.215,0.75,0.1253,0.72,0.1298,2
model-1593970697,1593970716.383,0.68,0.1242,0.75,0.1189,2
model-1593970697,1593970716.556,0.66,0.1464,0.73,0.1299,2
model-1593970697,1593970716.731,0.67,0.1365,0.71,0.1374,2
model-1593970697,1593970716.901,0.69,0.1498,0.72,0.1373,2
model-1593970697,1593970717.072,0.67,0.143,0.72,0.1183,2
model-1593970697,1593970717.241,0.71,0.1143,0.69,0.1448,2
model-1593970697,1593970717.411,0.71,0.1317,0.74,0.1346,2
model-1593970697,1593970717.582,0.7,0.1369,0.64,0.1318,2
model-1593970697,1593970717.753,0.72,0.1369,0.69,0.1307,2
model-1593970697,1593970717.924,0.78,0.1168,0.76,0.1092,2
model-1593970697,1593970718.092,0.63,0.1577,0.62,0.1455,2
model-1593970697,1593970718.261,0.72,0.1203,0.61,0.1456,2
model-1593970697,1593970718.432,0.65,0.1383,0.69,0.1329,2
model-1593970697,1593970718.509,0.67,0.11,0.64,0.1319,2
model-1593970697,1593970718.685,0.68,0.1297,0.77,0.1234,3
model-1593970697,1593970718.857,0.71,0.1233,0.75,0.1105,3
model-1593970697,1593970719.029,0.73,0.1199,0.76,0.122,3
model-1593970697,1593970719.198,0.74,0.1218,0.77,0.1157,3
model-1593970697,1593970719.363,0.74,0.1148,0.75,0.1176,3
model-1593970697,1593970719.532,0.7,0.1174,0.69,0.1366,3
model-1593970697,1593970719.702,0.81,0.1077,0.77,0.1122,3
model-1593970697,1593970719.869,0.63,0.151,0.74,0.1184,3
model-1593970697,1593970720.038,0.75,0.1129,0.73,0.1287,3
model-1593970697,1593970720.208,0.75,0.1043,0.71,0.1343,3
model-1593970697,1593970720.375,0.68,0.1321,0.73,0.131,3
model-1593970697,1593970720.546,0.78,0.1122,0.67,0.1413,3
model-1593970697,1593970720.722,0.8,0.119,0.71,0.1208,3
model-1593970697,1593970720.894,0.71,0.1338,0.69,0.1209,3
model-1593970697,1593970721.066,0.77,0.1175,0.77,0.1134,3
model-1593970697,1593970721.239,0.75,0.1165,0.77,0.1138,3
model-1593970697,1593970721.407,0.69,0.1455,0.75,0.1127,3
model-1593970697,1593970721.581,0.65,0.1376,0.68,0.1335,3
model-1593970697,1593970721.748,0.72,0.1236,0.78,0.1209,3
model-1593970697,1593970721.917,0.76,0.1106,0.73,0.118,3
model-1593970697,1593970722.085,0.69,0.1232,0.71,0.126,3
model-1593970697,1593970722.252,0.8,0.0946,0.73,0.1233,3
model-1593970697,1593970722.423,0.75,0.1072,0.72,0.1331,3
model-1593970697,1593970722.596,0.74,0.1143,0.7,0.1237,3
model-1593970697,1593970722.769,0.7,0.1222,0.72,0.126,3
model-1593970697,1593970722.934,0.72,0.1209,0.78,0.1159,3
model-1593970697,1593970723.104,0.74,0.1133,0.76,0.12,3
model-1593970697,1593970723.279,0.7,0.1353,0.72,0.1252,3
model-1593970697,1593970723.449,0.71,0.1236,0.76,0.1175,3
model-1593970697,1593970723.616,0.72,0.1368,0.77,0.1102,3
model-1593970697,1593970723.79,0.71,0.1301,0.76,0.1157,3
model-1593970697,1593970723.959,0.78,0.1039,0.76,0.1057,3
model-1593970697,1593970724.132,0.73,0.1236,0.74,0.1165,3
model-1593970697,1593970724.305,0.74,0.1215,0.67,0.139,3
model-1593970697,1593970724.479,0.75,0.1229,0.76,0.1064,3
model-1593970697,1593970724.648,0.82,0.1066,0.72,0.1241,3
model-1593970697,1593970724.818,0.68,0.1462,0.79,0.1051,3
model-1593970697,1593970724.991,0.75,0.1081,0.8,0.1011,3
model-1593970697,1593970725.165,0.71,0.1246,0.72,0.123,3
model-1593970697,1593970725.244,0.67,0.1127,0.69,0.126,3
model-1593970697,1593970725.416,0.72,0.1231,0.68,0.1235,4
model-1593970697,1593970725.584,0.74,0.1161,0.75,0.114,4
model-1593970697,1593970725.753,0.77,0.1107,0.76,0.113,4
model-1593970697,1593970725.92,0.75,0.1118,0.77,0.1051,4
model-1593970697,1593970726.095,0.73,0.1103,0.71,0.1156,4
model-1593970697,1593970726.267,0.73,0.1133,0.7,0.1247,4
model-1593970697,1593970726.436,0.83,0.0991,0.74,0.1147,4
model-1593970697,1593970726.61,0.61,0.1478,0.71,0.1172,4
model-1593970697,1593970726.779,0.79,0.1011,0.68,0.1336,4
model-1593970697,1593970726.948,0.76,0.097,0.74,0.1165,4
model-1593970697,1593970727.118,0.75,0.1184,0.74,0.1093,4
model-1593970697,1593970727.29,0.79,0.1048,0.74,0.1169,4
model-1593970697,1593970727.46,0.76,0.1114,0.75,0.1058,4
model-1593970697,1593970727.629,0.71,0.1306,0.77,0.1027,4
model-1593970697,1593970727.802,0.78,0.1072,0.77,0.1096,4
model-1593970697,1593970727.969,0.75,0.1088,0.68,0.1384,4
model-1593970697,1593970728.138,0.72,0.1394,0.67,0.1306,4
model-1593970697,1593970728.309,0.68,0.133,0.72,0.1249,4
model-1593970697,1593970728.483,0.78,0.1131,0.71,0.1135,4
model-1593970697,1593970728.656,0.78,0.1017,0.75,0.1073,4
model-1593970697,1593970728.826,0.74,0.1146,0.68,0.1264,4
model-1593970697,1593970728.998,0.8,0.086,0.71,0.1265,4
model-1593970697,1593970729.172,0.79,0.0985,0.77,0.1081,4
model-1593970697,1593970729.341,0.73,0.1105,0.74,0.108,4
model-1593970697,1593970729.509,0.76,0.1098,0.76,0.1094,4
model-1593970697,1593970729.693,0.72,0.1124,0.74,0.1026,4
model-1593970697,1593970729.865,0.81,0.102,0.74,0.1204,4
model-1593970697,1593970730.03,0.71,0.1317,0.76,0.1113,4
model-1593970697,1593970730.198,0.77,0.1198,0.73,0.1136,4
model-1593970697,1593970730.37,0.66,0.1292,0.7,0.1229,4
model-1593970697,1593970730.539,0.77,0.1153,0.75,0.123,4
model-1593970697,1593970730.711,0.83,0.0957,0.76,0.1227,4
model-1593970697,1593970730.886,0.74,0.1211,0.75,0.1153,4
model-1593970697,1593970731.055,0.76,0.1158,0.69,0.1268,4
model-1593970697,1593970731.224,0.79,0.1125,0.7,0.1233,4
model-1593970697,1593970731.393,0.83,0.0999,0.71,0.1165,4
model-1593970697,1593970731.569,0.74,0.1354,0.79,0.0986,4
model-1593970697,1593970731.739,0.8,0.1033,0.74,0.1119,4
model-1593970697,1593970731.908,0.74,0.1158,0.76,0.1072,4
model-1593970697,1593970731.988,0.67,0.1165,0.73,0.1183,4
model-1593970697,1593970732.158,0.76,0.1163,0.74,0.1215,5
model-1593970697,1593970732.33,0.74,0.1108,0.79,0.097,5
model-1593970697,1593970732.5,0.77,0.1048,0.77,0.1095,5
model-1593970697,1593970732.669,0.77,0.1045,0.73,0.1124,5
model-1593970697,1593970732.838,0.73,0.1067,0.76,0.1142,5
model-1593970697,1593970733.012,0.73,0.1141,0.66,0.1318,5
model-1593970697,1593970733.181,0.82,0.0922,0.77,0.1021,5
model-1593970697,1593970733.35,0.66,0.1449,0.72,0.1226,5
model-1593970697,1593970733.522,0.78,0.095,0.77,0.0999,5
model-1593970697,1593970733.691,0.81,0.0912,0.71,0.1239,5
model-1593970697,1593970733.861,0.76,0.1089,0.77,0.1081,5
model-1593970697,1593970734.031,0.78,0.099,0.76,0.1119,5
model-1593970697,1593970734.204,0.79,0.1058,0.71,0.1272,5
model-1593970697,1593970734.377,0.72,0.1285,0.7,0.1275,5
model-1593970697,1593970734.544,0.77,0.0999,0.7,0.1228,5
model-1593970697,1593970734.713,0.79,0.1024,0.74,0.1141,5
model-1593970697,1593970734.895,0.7,0.1343,0.78,0.1026,5
model-1593970697,1593970735.068,0.69,0.1288,0.76,0.1159,5
model-1593970697,1593970735.234,0.8,0.1059,0.75,0.1103,5
model-1593970697,1593970735.406,0.79,0.0969,0.75,0.1047,5
model-1593970697,1593970735.574,0.77,0.1078,0.76,0.1171,5
model-1593970697,1593970735.743,0.84,0.0812,0.77,0.1094,5
model-1593970697,1593970735.911,0.8,0.0936,0.75,0.1172,5
model-1593970697,1593970736.085,0.76,0.1077,0.76,0.1202,5
model-1593970697,1593970736.256,0.77,0.1021,0.7,0.1214,5
model-1593970697,1593970736.429,0.74,0.1076,0.77,0.1019,5
model-1593970697,1593970736.598,0.8,0.0998,0.74,0.1265,5
model-1593970697,1593970736.768,0.72,0.1284,0.68,0.1327,5
model-1593970697,1593970736.936,0.77,0.1157,0.76,0.1206,5
model-1593970697,1593970737.109,0.71,0.1235,0.76,0.1147,5
model-1593970697,1593970737.281,0.78,0.1072,0.77,0.0985,5
model-1593970697,1593970737.452,0.82,0.0925,0.73,0.1263,5
model-1593970697,1593970737.631,0.76,0.1144,0.78,0.1105,5
model-1593970697,1593970737.799,0.79,0.111,0.71,0.1154,5
model-1593970697,1593970737.965,0.8,0.1061,0.78,0.0961,5
model-1593970697,1593970738.133,0.81,0.0997,0.71,0.1188,5
model-1593970697,1593970738.305,0.73,0.1301,0.76,0.1087,5
model-1593970697,1593970738.473,0.75,0.1012,0.76,0.0979,5
model-1593970697,1593970738.643,0.75,0.1095,0.73,0.1197,5
model-1593970697,1593970738.724,0.67,0.1164,0.73,0.1188,5
model-1593970697,1593970738.894,0.75,0.1143,0.8,0.0934,6
model-1593970697,1593970739.061,0.74,0.1084,0.75,0.1182,6
model-1593970697,1593970739.239,0.81,0.0997,0.72,0.1167,6
model-1593970697,1593970739.407,0.76,0.1018,0.75,0.1153,6
model-1593970697,1593970739.577,0.77,0.1037,0.75,0.1231,6
model-1593970697,1593970739.745,0.72,0.1136,0.79,0.1033,6
model-1593970697,1593970739.915,0.82,0.089,0.78,0.0976,6
model-1593970697,1593970740.089,0.65,0.142,0.75,0.1011,6
model-1593970697,1593970740.264,0.8,0.0976,0.75,0.1021,6
model-1593970697,1593970740.436,0.82,0.0832,0.75,0.1272,6
model-1593970697,1593970740.605,0.78,0.104,0.76,0.1082,6
model-1593970697,1593970740.773,0.78,0.0963,0.71,0.1183,6
model-1593970697,1593970740.943,0.78,0.1043,0.7,0.1245,6
model-1593970697,1593970741.117,0.73,0.1272,0.74,0.1144,6
model-1593970697,1593970741.291,0.81,0.0968,0.73,0.1088,6
model-1593970697,1593970741.457,0.79,0.0982,0.69,0.1315,6
model-1593970697,1593970741.626,0.72,0.1271,0.74,0.1207,6
model-1593970697,1593970741.792,0.68,0.1263,0.75,0.1187,6
model-1593970697,1593970741.971,0.78,0.1028,0.8,0.0961,6
model-1593970697,1593970742.146,0.79,0.0941,0.77,0.1137,6
model-1593970697,1593970742.31,0.77,0.1039,0.75,0.1011,6
model-1593970697,1593970742.481,0.84,0.0778,0.75,0.0991,6
model-1593970697,1593970742.656,0.8,0.0892,0.74,0.1026,6
model-1593970697,1593970742.827,0.75,0.1063,0.71,0.131,6
model-1593970697,1593970743.0,0.78,0.0976,0.79,0.1082,6
model-1593970697,1593970743.174,0.75,0.108,0.7,0.125,6
model-1593970697,1593970743.344,0.79,0.098,0.75,0.1019,6
model-1593970697,1593970743.517,0.72,0.1245,0.75,0.1158,6
model-1593970697,1593970743.689,0.75,0.1131,0.77,0.0967,6
model-1593970697,1593970743.857,0.71,0.121,0.73,0.1231,6
model-1593970697,1593970744.024,0.78,0.1038,0.73,0.1077,6
model-1593970697,1593970744.193,0.83,0.0881,0.76,0.1076,6
model-1593970697,1593970744.362,0.77,0.108,0.75,0.1066,6
model-1593970697,1593970744.533,0.8,0.1071,0.74,0.1113,6
model-1593970697,1593970744.702,0.81,0.1021,0.71,0.1249,6
model-1593970697,1593970744.873,0.83,0.0958,0.71,0.1159,6
model-1593970697,1593970745.043,0.74,0.127,0.73,0.1086,6
model-1593970697,1593970745.214,0.76,0.1008,0.74,0.1037,6
model-1593970697,1593970745.383,0.75,0.1092,0.77,0.1177,6
model-1593970697,1593970745.462,0.73,0.1093,0.73,0.1119,6
model-1593970697,1593970745.636,0.75,0.112,0.72,0.1172,7
model-1593970697,1593970745.805,0.73,0.1068,0.72,0.1238,7
model-1593970697,1593970745.974,0.81,0.0972,0.73,0.1165,7
model-1593970697,1593970746.141,0.79,0.0981,0.79,0.1012,7
model-1593970697,1593970746.312,0.8,0.1009,0.73,0.1164,7
model-1593970697,1593970746.48,0.73,0.1121,0.76,0.1188,7
model-1593970697,1593970746.655,0.81,0.0856,0.78,0.1078,7
model-1593970697,1593970746.825,0.66,0.1371,0.78,0.1152,7
model-1593970697,1593970746.994,0.77,0.0952,0.74,0.1084,7
model-1593970697,1593970747.168,0.82,0.0781,0.71,0.1217,7
model-1593970697,1593970747.344,0.77,0.1001,0.72,0.1223,7
model-1593970697,1593970747.513,0.8,0.0934,0.72,0.1081,7
model-1593970697,1593970747.685,0.78,0.1023,0.76,0.1083,7
model-1593970697,1593970747.851,0.72,0.1265,0.79,0.0929,7
model-1593970697,1593970748.015,0.8,0.095,0.78,0.1043,7
model-1593970697,1593970748.187,0.8,0.0949,0.72,0.1314,7
model-1593970697,1593970748.354,0.74,0.1202,0.78,0.1067,7
model-1593970697,1593970748.52,0.67,0.1231,0.78,0.0951,7
model-1593970697,1593970748.689,0.78,0.1009,0.71,0.1205,7
model-1593970697,1593970748.853,0.79,0.0912,0.79,0.1047,7
model-1593970697,1593970749.025,0.75,0.1009,0.8,0.0967,7
model-1593970697,1593970749.193,0.85,0.0746,0.72,0.1155,7
model-1593970697,1593970749.362,0.8,0.0867,0.74,0.1094,7
model-1593970697,1593970749.53,0.76,0.1048,0.75,0.1084,7
model-1593970697,1593970749.699,0.79,0.0943,0.75,0.1046,7
model-1593970697,1593970749.868,0.75,0.1079,0.75,0.1059,7
model-1593970697,1593970750.036,0.81,0.0974,0.76,0.1028,7
model-1593970697,1593970750.199,0.72,0.1217,0.75,0.1214,7
model-1593970697,1593970750.369,0.75,0.1113,0.75,0.1138,7
model-1593970697,1593970750.537,0.72,0.1185,0.74,0.1117,7
model-1593970697,1593970750.709,0.79,0.1007,0.7,0.123,7
model-1593970697,1593970750.883,0.82,0.0867,0.8,0.095,7
model-1593970697,1593970751.053,0.78,0.1034,0.75,0.1051,7
model-1593970697,1593970751.218,0.8,0.1042,0.76,0.1192,7
model-1593970697,1593970751.389,0.8,0.1002,0.78,0.0926,7
model-1593970697,1593970751.558,0.83,0.0932,0.78,0.1044,7
model-1593970697,1593970751.726,0.74,0.1247,0.74,0.1119,7
model-1593970697,1593970751.897,0.78,0.1006,0.73,0.1114,7
model-1593970697,1593970752.072,0.77,0.1084,0.79,0.1129,7
model-1593970697,1593970752.154,0.73,0.1042,0.74,0.1206,7
model-1593970697,1593970752.328,0.75,0.1082,0.8,0.0966,8
model-1593970697,1593970752.498,0.74,0.104,0.73,0.1178,8
model-1593970697,1593970752.667,0.82,0.0943,0.77,0.1144,8
model-1593970697,1593970752.831,0.8,0.0933,0.79,0.102,8
model-1593970697,1593970752.998,0.8,0.0988,0.81,0.0927,8
model-1593970697,1593970753.167,0.74,0.1104,0.79,0.1035,8
model-1593970697,1593970753.336,0.8,0.084,0.78,0.0934,8
model-1593970697,1593970753.507,0.67,0.1331,0.77,0.1058,8
model-1593970697,1593970753.676,0.77,0.0944,0.74,0.1204,8
model-1593970697,1593970753.849,0.84,0.0752,0.76,0.1055,8
model-1593970697,1593970754.017,0.76,0.0971,0.74,0.1014,8
model-1593970697,1593970754.19,0.8,0.0906,0.74,0.1175,8
model-1593970697,1593970754.362,0.77,0.1015,0.8,0.0937,8
model-1593970697,1593970754.538,0.75,0.1245,0.75,0.1129,8
model-1593970697,1593970754.707,0.78,0.0937,0.73,0.1214,8
model-1593970697,1593970754.879,0.79,0.0914,0.73,0.1206,8
model-1593970697,1593970755.049,0.75,0.1144,0.74,0.1208,8
model-1593970697,1593970755.222,0.7,0.1206,0.76,0.1081,8
model-1593970697,1593970755.392,0.78,0.0984,0.72,0.1212,8
model-1593970697,1593970755.563,0.8,0.0886,0.78,0.1072,8
model-1593970697,1593970755.738,0.77,0.0984,0.73,0.1086,8
model-1593970697,1593970755.907,0.87,0.0722,0.69,0.1287,8
model-1593970697,1593970756.076,0.8,0.0844,0.76,0.1062,8
model-1593970697,1593970756.261,0.76,0.103,0.78,0.0925,8
model-1593970697,1593970756.433,0.79,0.0915,0.78,0.1096,8
model-1593970697,1593970756.6,0.75,0.1075,0.69,0.1261,8
model-1593970697,1593970756.77,0.81,0.0953,0.74,0.1049,8
model-1593970697,1593970756.939,0.72,0.1189,0.77,0.0975,8
model-1593970697,1593970757.105,0.74,0.1098,0.7,0.1318,8
model-1593970697,1593970757.275,0.74,0.1163,0.73,0.121,8
model-1593970697,1593970757.45,0.8,0.0985,0.72,0.122,8
model-1593970697,1593970757.622,0.82,0.0845,0.78,0.0897,8
model-1593970697,1593970757.791,0.78,0.0998,0.75,0.1032,8
model-1593970697,1593970757.962,0.79,0.1021,0.72,0.1166,8
model-1593970697,1593970758.133,0.8,0.0985,0.71,0.1225,8
model-1593970697,1593970758.301,0.82,0.0908,0.74,0.1143,8
model-1593970697,1593970758.47,0.75,0.1237,0.77,0.0937,8
model-1593970697,1593970758.644,0.77,0.1008,0.75,0.1052,8
model-1593970697,1593970758.813,0.75,0.1077,0.74,0.1165,8
model-1593970697,1593970758.89,0.73,0.0998,0.73,0.1114,8
model-1593970697,1593970759.063,0.76,0.1039,0.8,0.1005,9
model-1593970697,1593970759.231,0.76,0.1012,0.82,0.0881,9
model-1593970697,1593970759.4,0.83,0.0924,0.72,0.1123,9
model-1593970697,1593970759.569,0.81,0.0893,0.76,0.1165,9
model-1593970697,1593970759.741,0.8,0.0968,0.77,0.1142,9
model-1593970697,1593970759.908,0.75,0.1067,0.78,0.1092,9
model-1593970697,1593970760.076,0.81,0.0825,0.81,0.0896,9
model-1593970697,1593970760.25,0.68,0.1296,0.76,0.1156,9
model-1593970697,1593970760.418,0.78,0.0911,0.71,0.1155,9
model-1593970697,1593970760.588,0.84,0.0726,0.81,0.0885,9
model-1593970697,1593970760.758,0.77,0.0939,0.79,0.1025,9
model-1593970697,1593970760.933,0.81,0.0882,0.8,0.0881,9
model-1593970697,1593970761.102,0.76,0.0999,0.8,0.0991,9
model-1593970697,1593970761.271,0.76,0.1227,0.76,0.1224,9
model-1593970697,1593970761.445,0.8,0.0921,0.76,0.1216,9
model-1593970697,1593970761.616,0.79,0.0884,0.79,0.096,9
model-1593970697,1593970761.791,0.77,0.1094,0.73,0.1218,9
model-1593970697,1593970761.959,0.75,0.1177,0.73,0.106,9
model-1593970697,1593970762.131,0.79,0.0958,0.79,0.0896,9
model-1593970697,1593970762.305,0.8,0.087,0.74,0.1031,9
model-1593970697,1593970762.47,0.77,0.0967,0.73,0.1129,9
model-1593970697,1593970762.643,0.89,0.0699,0.73,0.1107,9
model-1593970697,1593970762.814,0.81,0.0826,0.78,0.107,9
model-1593970697,1593970762.982,0.77,0.1019,0.78,0.0946,9
model-1593970697,1593970763.152,0.81,0.0883,0.72,0.1079,9
model-1593970697,1593970763.329,0.75,0.1055,0.75,0.1199,9
model-1593970697,1593970763.499,0.81,0.0929,0.76,0.1166,9
model-1593970697,1593970763.666,0.75,0.1165,0.75,0.1126,9
model-1593970697,1593970763.835,0.74,0.1081,0.75,0.1123,9
model-1593970697,1593970764.003,0.75,0.113,0.76,0.1177,9
model-1593970697,1593970764.179,0.8,0.0957,0.8,0.0948,9
model-1593970697,1593970764.351,0.83,0.083,0.78,0.1128,9
model-1593970697,1593970764.522,0.79,0.0975,0.81,0.0863,9
model-1593970697,1593970764.692,0.79,0.1006,0.8,0.0974,9
model-1593970697,1593970764.86,0.81,0.0975,0.73,0.1189,9
model-1593970697,1593970765.034,0.81,0.0905,0.75,0.1071,9
model-1593970697,1593970765.205,0.75,0.1216,0.76,0.1176,9
model-1593970697,1593970765.375,0.76,0.101,0.73,0.1106,9
model-1593970697,1593970765.548,0.75,0.1063,0.72,0.1224,9
model-1593970697,1593970765.625,0.73,0.0929,0.75,0.1197,9
model-1593970697,1593970765.796,0.76,0.1009,0.77,0.1134,10
model-1593970697,1593970765.965,0.78,0.0984,0.81,0.091,10
model-1593970697,1593970766.137,0.86,0.0904,0.8,0.0893,10
model-1593970697,1593970766.304,0.84,0.0854,0.72,0.1291,10
model-1593970697,1593970766.471,0.83,0.095,0.76,0.1167,10
model-1593970697,1593970766.641,0.75,0.1045,0.7,0.1264,10
model-1593970697,1593970766.813,0.82,0.0806,0.8,0.0991,10
model-1593970697,1593970766.985,0.69,0.1266,0.76,0.1069,10
model-1593970697,1593970767.155,0.79,0.0891,0.76,0.1052,10
model-1593970697,1593970767.322,0.84,0.0708,0.79,0.0946,10
model-1593970697,1593970767.49,0.77,0.0919,0.76,0.1152,10
model-1593970697,1593970767.664,0.81,0.0864,0.77,0.1079,10
model-1593970697,1593970767.831,0.77,0.099,0.74,0.1178,10
model-1593970697,1593970768.002,0.79,0.1208,0.73,0.1171,10
model-1593970697,1593970768.176,0.8,0.091,0.73,0.1292,10
model-1593970697,1593970768.348,0.8,0.0859,0.82,0.0998,10
model-1593970697,1593970768.523,0.78,0.105,0.81,0.0936,10
model-1593970697,1593970768.692,0.78,0.1152,0.78,0.0939,10
model-1593970697,1593970768.866,0.81,0.0931,0.74,0.116,10
model-1593970697,1593970769.033,0.81,0.0859,0.78,0.0908,10
model-1593970697,1593970769.209,0.78,0.0951,0.79,0.0873,10
model-1593970697,1593970769.377,0.89,0.0677,0.74,0.1099,10
model-1593970697,1593970769.55,0.82,0.0811,0.78,0.1005,10
model-1593970697,1593970769.723,0.77,0.1009,0.78,0.1045,10
model-1593970697,1593970769.894,0.82,0.0859,0.8,0.0906,10
model-1593970697,1593970770.062,0.75,0.104,0.8,0.0911,10
model-1593970697,1593970770.236,0.81,0.0907,0.76,0.1164,10
model-1593970697,1593970770.404,0.75,0.1146,0.76,0.1192,10
model-1593970697,1593970770.575,0.73,0.1063,0.77,0.1161,10
model-1593970697,1593970770.748,0.75,0.1103,0.8,0.0953,10
model-1593970697,1593970770.92,0.81,0.0932,0.73,0.1189,10
model-1593970697,1593970771.089,0.84,0.0813,0.81,0.0884,10
model-1593970697,1593970771.26,0.8,0.0953,0.79,0.1085,10
model-1593970697,1593970771.432,0.8,0.0992,0.81,0.0856,10
model-1593970697,1593970771.608,0.82,0.0964,0.79,0.0948,10
model-1593970697,1593970771.775,0.81,0.0894,0.77,0.1182,10
model-1593970697,1593970771.939,0.76,0.1195,0.78,0.1115,10
model-1593970697,1593970772.109,0.76,0.1008,0.82,0.0988,10
model-1593970697,1593970772.286,0.75,0.1052,0.73,0.1166,10
model-1593970697,1593970772.364,0.8,0.0852,0.77,0.1048,10
model-1593970697,1593970772.54,0.76,0.0986,0.72,0.1225,11
model-1593970697,1593970772.712,0.78,0.0966,0.83,0.0839,11
model-1593970697,1593970772.881,0.84,0.0897,0.76,0.1096,11
model-1593970697,1593970773.054,0.84,0.0829,0.78,0.1119,11
model-1593970697,1593970773.22,0.83,0.0939,0.78,0.1132,11
model-1593970697,1593970773.392,0.75,0.1021,0.76,0.1146,11
model-1593970697,1593970773.562,0.83,0.0794,0.81,0.0939,11
model-1593970697,1593970773.739,0.72,0.1235,0.77,0.1093,11
model-1593970697,1593970773.911,0.81,0.0877,0.72,0.1122,11
model-1593970697,1593970774.082,0.85,0.0689,0.76,0.1187,11
model-1593970697,1593970774.252,0.77,0.0892,0.81,0.0877,11
model-1593970697,1593970774.421,0.83,0.0849,0.76,0.1127,11
model-1593970697,1593970774.594,0.79,0.098,0.77,0.1093,11
model-1593970697,1593970774.762,0.8,0.1188,0.75,0.1134,11
model-1593970697,1593970774.936,0.82,0.0891,0.77,0.111,11
model-1593970697,1593970775.106,0.82,0.0841,0.83,0.0958,11
model-1593970697,1593970775.274,0.8,0.1007,0.78,0.1077,11
model-1593970697,1593970775.446,0.78,0.1127,0.77,0.0946,11
model-1593970697,1593970775.613,0.82,0.0908,0.78,0.1066,11
model-1593970697,1593970775.782,0.81,0.0853,0.72,0.1165,11
model-1593970697,1593970775.953,0.77,0.0926,0.77,0.1101,11
model-1593970697,1593970776.126,0.88,0.0655,0.74,0.1086,11
model-1593970697,1593970776.301,0.83,0.0801,0.77,0.0972,11
model-1593970697,1593970776.473,0.77,0.1003,0.74,0.1224,11
model-1593970697,1593970776.643,0.84,0.0835,0.73,0.1213,11
model-1593970697,1593970776.812,0.76,0.1023,0.72,0.1244,11
model-1593970697,1593970776.981,0.81,0.089,0.77,0.0998,11
model-1593970697,1593970777.15,0.76,0.1124,0.77,0.1004,11
model-1593970697,1593970777.322,0.74,0.1049,0.72,0.1241,11
model-1593970697,1593970777.503,0.75,0.1079,0.8,0.0887,11
model-1593970697,1593970777.677,0.82,0.0911,0.76,0.1054,11
model-1593970697,1593970777.852,0.85,0.0797,0.79,0.0961,11
model-1593970697,1593970778.028,0.8,0.0934,0.78,0.1053,11
model-1593970697,1593970778.201,0.8,0.0985,0.71,0.124,11
model-1593970697,1593970778.372,0.83,0.0947,0.78,0.1026,11
model-1593970697,1593970778.539,0.81,0.0889,0.79,0.0895,11
model-1593970697,1593970778.709,0.77,0.1174,0.72,0.123,11
model-1593970697,1593970778.877,0.77,0.1005,0.79,0.1068,11
model-1593970697,1593970779.051,0.75,0.104,0.8,0.0992,11
model-1593970697,1593970779.133,0.8,0.0768,0.75,0.1182,11
model-1593970697,1593970779.301,0.77,0.0964,0.77,0.1145,12
model-1593970697,1593970779.471,0.79,0.0948,0.77,0.1084,12
model-1593970697,1593970779.636,0.85,0.0891,0.78,0.1064,12
model-1593970697,1593970779.805,0.85,0.0803,0.76,0.1152,12
model-1593970697,1593970779.973,0.82,0.0933,0.77,0.1117,12
model-1593970697,1593970780.142,0.76,0.0999,0.77,0.1068,12
model-1593970697,1593970780.311,0.81,0.0778,0.78,0.1089,12
model-1593970697,1593970780.48,0.73,0.1202,0.75,0.1211,12
model-1593970697,1593970780.651,0.8,0.0864,0.77,0.0977,12
model-1593970697,1593970780.822,0.86,0.067,0.77,0.1157,12
model-1593970697,1593970780.992,0.79,0.0862,0.78,0.1037,12
model-1593970697,1593970781.158,0.83,0.0847,0.84,0.1002,12
model-1593970697,1593970781.331,0.8,0.098,0.78,0.0996,12
model-1593970697,1593970781.503,0.82,0.1168,0.74,0.1138,12
model-1593970697,1593970781.672,0.82,0.0866,0.79,0.1097,12
model-1593970697,1593970781.842,0.82,0.0827,0.83,0.0942,12
model-1593970697,1593970782.014,0.84,0.0965,0.73,0.1291,12
model-1593970697,1593970782.182,0.8,0.1103,0.76,0.1105,12
model-1593970697,1593970782.351,0.81,0.0882,0.71,0.1041,12
model-1593970697,1593970782.52,0.81,0.0851,0.71,0.1248,12
model-1593970697,1593970782.69,0.79,0.0904,0.76,0.1104,12
model-1593970697,1593970782.868,0.89,0.0627,0.76,0.1033,12
model-1593970697,1593970783.044,0.84,0.0787,0.76,0.1072,12
model-1593970697,1593970783.212,0.77,0.1019,0.77,0.1043,12
model-1593970697,1593970783.381,0.84,0.0813,0.75,0.1036,12
model-1593970697,1593970783.55,0.77,0.1008,0.8,0.0901,12
model-1593970697,1593970783.718,0.82,0.0875,0.73,0.1114,12
model-1593970697,1593970783.89,0.78,0.1095,0.74,0.1088,12
model-1593970697,1593970784.058,0.76,0.1024,0.78,0.1014,12
model-1593970697,1593970784.227,0.77,0.1053,0.76,0.1114,12
model-1593970697,1593970784.401,0.81,0.0893,0.78,0.1009,12
model-1593970697,1593970784.572,0.85,0.0783,0.8,0.0915,12
model-1593970697,1593970784.742,0.8,0.0909,0.77,0.1091,12
model-1593970697,1593970784.912,0.8,0.0973,0.81,0.0884,12
model-1593970697,1593970785.082,0.83,0.094,0.78,0.0975,12
model-1593970697,1593970785.254,0.8,0.0889,0.74,0.1122,12
model-1593970697,1593970785.427,0.77,0.1151,0.76,0.1145,12
model-1593970697,1593970785.594,0.77,0.0993,0.74,0.1105,12
model-1593970697,1593970785.763,0.76,0.103,0.79,0.1132,12
model-1593970697,1593970785.842,0.8,0.0683,0.76,0.1151,12
model-1593970697,1593970786.015,0.75,0.0945,0.8,0.0966,13
model-1593970697,1593970786.182,0.8,0.0932,0.76,0.1065,13
model-1593970697,1593970786.35,0.85,0.0885,0.79,0.1075,13
model-1593970697,1593970786.522,0.85,0.078,0.77,0.1124,13
model-1593970697,1593970786.695,0.82,0.0921,0.75,0.1159,13
model-1593970697,1593970786.861,0.76,0.0979,0.71,0.1223,13
model-1593970697,1593970787.029,0.81,0.0767,0.82,0.0872,13
model-1593970697,1593970787.198,0.74,0.1173,0.76,0.0997,13
model-1593970697,1593970787.368,0.82,0.086,0.74,0.1165,13
model-1593970697,1593970787.539,0.87,0.0642,0.77,0.102,13
model-1593970697,1593970787.71,0.79,0.0842,0.74,0.1172,13
model-1593970697,1593970787.889,0.82,0.0842,0.76,0.1196,13
model-1593970697,1593970788.056,0.78,0.0975,0.84,0.1008,13
model-1593970697,1593970788.224,0.81,0.1148,0.82,0.0983,13
model-1593970697,1593970788.404,0.84,0.085,0.78,0.1033,13
model-1593970697,1593970788.573,0.85,0.0812,0.79,0.107,13
model-1593970697,1593970788.746,0.84,0.0933,0.76,0.1213,13
model-1593970697,1593970788.915,0.81,0.1089,0.8,0.0892,13
model-1593970697,1593970789.091,0.83,0.0857,0.77,0.107,13
model-1593970697,1593970789.26,0.82,0.0846,0.71,0.1152,13
model-1593970697,1593970789.427,0.81,0.088,0.78,0.1152,13
model-1593970697,1593970789.604,0.89,0.0605,0.76,0.1008,13
model-1593970697,1593970789.776,0.84,0.0779,0.78,0.1065,13
model-1593970697,1593970789.943,0.77,0.0998,0.78,0.0971,13
model-1593970697,1593970790.113,0.84,0.0803,0.73,0.109,13
model-1593970697,1593970790.285,0.77,0.0991,0.75,0.1082,13
model-1593970697,1593970790.457,0.84,0.0859,0.79,0.0961,13
model-1593970697,1593970790.63,0.8,0.1077,0.78,0.1064,13
model-1593970697,1593970790.804,0.76,0.1012,0.82,0.0886,13
model-1593970697,1593970790.979,0.77,0.1029,0.81,0.0842,13
model-1593970697,1593970791.147,0.83,0.0877,0.77,0.1083,13
model-1593970697,1593970791.314,0.85,0.0765,0.7,0.1247,13
model-1593970697,1593970791.487,0.82,0.0893,0.76,0.1036,13
model-1593970697,1593970791.656,0.8,0.0959,0.82,0.086,13
model-1593970697,1593970791.819,0.84,0.0919,0.78,0.0973,13
model-1593970697,1593970791.987,0.81,0.0889,0.79,0.0999,13
model-1593970697,1593970792.159,0.79,0.113,0.78,0.1079,13
model-1593970697,1593970792.332,0.77,0.0991,0.76,0.1171,13
model-1593970697,1593970792.501,0.77,0.1009,0.76,0.1098,13
model-1593970697,1593970792.581,0.8,0.0607,0.77,0.1142,13
model-1593970697,1593970792.753,0.77,0.0919,0.76,0.1153,14
model-1593970697,1593970792.922,0.8,0.0921,0.75,0.1216,14
model-1593970697,1593970793.098,0.84,0.0881,0.85,0.0881,14
model-1593970697,1593970793.269,0.85,0.0763,0.75,0.1127,14
model-1593970697,1593970793.438,0.82,0.0898,0.71,0.1187,14
model-1593970697,1593970793.617,0.78,0.0965,0.74,0.1082,14
model-1593970697,1593970793.793,0.82,0.0759,0.78,0.1048,14
model-1593970697,1593970793.962,0.74,0.1152,0.75,0.113,14
model-1593970697,1593970794.131,0.86,0.0845,0.77,0.1081,14
model-1593970697,1593970794.306,0.87,0.06,0.76,0.1116,14
model-1593970697,1593970794.471,0.82,0.0809,0.79,0.1045,14
model-1593970697,1593970794.638,0.83,0.0844,0.84,0.0976,14
model-1593970697,1593970794.811,0.79,0.0972,0.74,0.1128,14
model-1593970697,1593970794.987,0.8,0.1127,0.73,0.1269,14
model-1593970697,1593970795.156,0.85,0.0825,0.78,0.1064,14
model-1593970697,1593970795.322,0.85,0.0806,0.76,0.1164,14
model-1593970697,1593970795.497,0.84,0.0897,0.77,0.1157,14
model-1593970697,1593970795.666,0.82,0.1074,0.8,0.0859,14
model-1593970697,1593970795.836,0.83,0.084,0.79,0.1018,14
model-1593970697,1593970796.004,0.83,0.0841,0.72,0.1102,14
model-1593970697,1593970796.174,0.82,0.0843,0.78,0.1042,14
model-1593970697,1593970796.347,0.89,0.0577,0.77,0.0977,14
model-1593970697,1593970796.517,0.84,0.0772,0.81,0.0871,14
model-1593970697,1593970796.686,0.78,0.0982,0.75,0.1135,14
model-1593970697,1593970796.857,0.84,0.0791,0.73,0.1048,14
model-1593970697,1593970797.023,0.77,0.0976,0.8,0.0936,14
model-1593970697,1593970797.192,0.83,0.0855,0.78,0.1063,14
model-1593970697,1593970797.365,0.79,0.1058,0.7,0.1344,14
model-1593970697,1593970797.535,0.77,0.1003,0.82,0.0885,14
model-1593970697,1593970797.708,0.78,0.0998,0.71,0.1259,14
model-1593970697,1593970797.875,0.85,0.0868,0.76,0.103,14
model-1593970697,1593970798.042,0.85,0.0751,0.77,0.11,14
model-1593970697,1593970798.212,0.82,0.0883,0.75,0.1137,14
model-1593970697,1593970798.381,0.8,0.0941,0.78,0.108,14
model-1593970697,1593970798.551,0.86,0.0899,0.8,0.0944,14
model-1593970697,1593970798.72,0.81,0.0888,0.75,0.1168,14
model-1593970697,1593970798.897,0.8,0.1103,0.83,0.0864,14
model-1593970697,1593970799.07,0.78,0.0988,0.76,0.1099,14
model-1593970697,1593970799.237,0.77,0.0985,0.8,0.092,14
model-1593970697,1593970799.316,0.87,0.0533,0.77,0.11,14
model-1593970697,1593970799.486,0.77,0.0892,0.75,0.1122,15
model-1593970697,1593970799.653,0.8,0.0906,0.85,0.0882,15
model-1593970697,1593970799.819,0.84,0.0864,0.77,0.1168,15
model-1593970697,1593970799.986,0.85,0.074,0.77,0.1118,15
model-1593970697,1593970800.155,0.81,0.0878,0.71,0.1246,15
model-1593970697,1593970800.324,0.79,0.0931,0.76,0.1079,15
model-1593970697,1593970800.491,0.83,0.0748,0.82,0.0805,15
model-1593970697,1593970800.662,0.75,0.1127,0.75,0.1147,15
model-1593970697,1593970800.835,0.86,0.0829,0.78,0.1086,15
model-1593970697,1593970801.004,0.87,0.0581,0.81,0.0851,15
model-1593970697,1593970801.171,0.82,0.0786,0.75,0.121,15
model-1593970697,1593970801.339,0.85,0.0834,0.81,0.0932,15
model-1593970697,1593970801.512,0.77,0.0969,0.78,0.1093,15
model-1593970697,1593970801.684,0.82,0.111,0.78,0.1065,15
model-1593970697,1593970801.852,0.86,0.0808,0.76,0.1092,15
model-1593970697,1593970802.027,0.85,0.0798,0.75,0.115,15
model-1593970697,1593970802.199,0.85,0.0883,0.76,0.1128,15
model-1593970697,1593970802.37,0.82,0.1064,0.8,0.0961,15
model-1593970697,1593970802.541,0.83,0.0818,0.83,0.0866,15
model-1593970697,1593970802.718,0.82,0.0839,0.76,0.1134,15
model-1593970697,1593970802.891,0.82,0.0819,0.77,0.1011,15
model-1593970697,1593970803.058,0.88,0.0558,0.77,0.1002,15
model-1593970697,1593970803.23,0.84,0.0773,0.76,0.108,15
model-1593970697,1593970803.398,0.77,0.0965,0.76,0.1069,15
model-1593970697,1593970803.569,0.84,0.0784,0.73,0.1164,15
model-1593970697,1593970803.739,0.77,0.0959,0.69,0.1305,15
model-1593970697,1593970803.91,0.83,0.0848,0.73,0.119,15
model-1593970697,1593970804.086,0.79,0.1046,0.76,0.116,15
model-1593970697,1593970804.262,0.78,0.0988,0.76,0.1134,15
model-1593970697,1593970804.441,0.8,0.0968,0.76,0.1058,15
model-1593970697,1593970804.611,0.86,0.0855,0.82,0.09,15
model-1593970697,1593970804.777,0.85,0.0739,0.81,0.0892,15
model-1593970697,1593970804.946,0.82,0.0872,0.82,0.0891,15
model-1593970697,1593970805.121,0.81,0.0923,0.76,0.1075,15
model-1593970697,1593970805.292,0.86,0.0879,0.8,0.0939,15
model-1593970697,1593970805.468,0.81,0.0888,0.76,0.1123,15
model-1593970697,1593970805.636,0.81,0.1086,0.74,0.1105,15
model-1593970697,1593970805.807,0.77,0.0992,0.78,0.1006,15
model-1593970697,1593970805.976,0.78,0.0965,0.83,0.0825,15
model-1593970697,1593970806.053,0.93,0.0463,0.78,0.1109,15
model-1593970697,1593970806.219,0.8,0.0865,0.72,0.1231,16
model-1593970697,1593970806.39,0.8,0.0895,0.79,0.1073,16
model-1593970697,1593970806.562,0.86,0.0844,0.77,0.1057,16
model-1593970697,1593970806.732,0.85,0.0723,0.85,0.0873,16
model-1593970697,1593970806.902,0.8,0.0858,0.77,0.1102,16
model-1593970697,1593970807.071,0.79,0.091,0.78,0.0994,16
model-1593970697,1593970807.249,0.83,0.0734,0.75,0.1103,16
model-1593970697,1593970807.42,0.76,0.11,0.82,0.0821,16
model-1593970697,1593970807.592,0.85,0.0817,0.81,0.0837,16
model-1593970697,1593970807.76,0.86,0.0568,0.76,0.112,16
model-1593970697,1593970807.932,0.83,0.0762,0.76,0.1155,16
model-1593970697,1593970808.104,0.85,0.0827,0.83,0.0942,16
model-1593970697,1593970808.274,0.77,0.0958,0.78,0.1031,16
model-1593970697,1593970808.445,0.83,0.1096,0.74,0.1161,16
model-1593970697,1593970808.61,0.88,0.0789,0.8,0.1033,16
model-1593970697,1593970808.782,0.84,0.079,0.75,0.1216,16
model-1593970697,1593970808.955,0.85,0.0859,0.8,0.0945,16
model-1593970697,1593970809.131,0.82,0.1047,0.81,0.0917,16
model-1593970697,1593970809.303,0.85,0.0795,0.72,0.1064,16
model-1593970697,1593970809.478,0.82,0.084,0.78,0.0942,16
model-1593970697,1593970809.657,0.83,0.0804,0.8,0.0936,16
model-1593970697,1593970809.827,0.88,0.0539,0.75,0.1116,16
model-1593970697,1593970809.993,0.84,0.0772,0.77,0.1232,16
model-1593970697,1593970810.162,0.78,0.0957,0.74,0.1282,16
model-1593970697,1593970810.332,0.86,0.0771,0.75,0.1079,16
model-1593970697,1593970810.501,0.77,0.0945,0.76,0.1173,16
model-1593970697,1593970810.674,0.83,0.0845,0.74,0.1145,16
model-1593970697,1593970810.846,0.79,0.1035,0.79,0.0934,16
model-1593970697,1593970811.016,0.78,0.0983,0.75,0.1108,16
model-1593970697,1593970811.184,0.79,0.0947,0.76,0.1066,16
model-1593970697,1593970811.355,0.86,0.0843,0.76,0.1069,16
model-1593970697,1593970811.527,0.85,0.0726,0.76,0.1067,16
model-1593970697,1593970811.697,0.82,0.0873,0.79,0.1063,16
model-1593970697,1593970811.867,0.82,0.0909,0.8,0.096,16
model-1593970697,1593970812.034,0.86,0.0853,0.77,0.1154,16
model-1593970697,1593970812.203,0.81,0.0877,0.81,0.0884,16
model-1593970697,1593970812.372,0.81,0.106,0.77,0.1074,16
model-1593970697,1593970812.54,0.77,0.0992,0.74,0.114,16
model-1593970697,1593970812.715,0.79,0.0947,0.77,0.1075,16
model-1593970697,1593970812.795,0.93,0.039,0.75,0.1172,16
model-1593970697,1593970812.967,0.8,0.0843,0.76,0.11,17
model-1593970697,1593970813.136,0.8,0.0877,0.71,0.1147,17
model-1593970697,1593970813.304,0.88,0.0829,0.76,0.1055,17
model-1593970697,1593970813.475,0.86,0.0699,0.78,0.1069,17
model-1593970697,1593970813.648,0.82,0.0845,0.79,0.0912,17
model-1593970697,1593970813.817,0.8,0.0883,0.79,0.1081,17
model-1593970697,1593970813.988,0.82,0.0728,0.77,0.1105,17
model-1593970697,1593970814.155,0.78,0.1077,0.78,0.1069,17
model-1593970697,1593970814.33,0.84,0.0805,0.81,0.0859,17
model-1593970697,1593970814.499,0.87,0.0544,0.84,0.0806,17
model-1593970697,1593970814.667,0.84,0.0739,0.76,0.1166,17
model-1593970697,1593970814.839,0.84,0.083,0.74,0.1143,17
model-1593970697,1593970815.015,0.77,0.0956,0.82,0.0933,17
model-1593970697,1593970815.181,0.83,0.108,0.78,0.119,17
model-1593970697,1593970815.348,0.88,0.0777,0.81,0.092,17
model-1593970697,1593970815.517,0.83,0.0784,0.8,0.1063,17
model-1593970697,1593970815.686,0.86,0.0838,0.72,0.1305,17
model-1593970697,1593970815.851,0.82,0.104,0.8,0.1045,17
model-1593970697,1593970816.023,0.85,0.0781,0.72,0.1236,17
model-1593970697,1593970816.198,0.83,0.0838,0.79,0.0936,17
model-1593970697,1593970816.366,0.83,0.0782,0.76,0.105,17
model-1593970697,1593970816.535,0.88,0.0519,0.75,0.1179,17
model-1593970697,1593970816.706,0.83,0.0776,0.77,0.1024,17
model-1593970697,1593970816.882,0.79,0.094,0.75,0.1075,17
model-1593970697,1593970817.048,0.86,0.0763,0.79,0.0928,17
model-1593970697,1593970817.217,0.78,0.0936,0.75,0.1142,17
model-1593970697,1593970817.386,0.83,0.0833,0.75,0.1195,17
model-1593970697,1593970817.558,0.79,0.1025,0.73,0.1196,17
model-1593970697,1593970817.728,0.79,0.0984,0.76,0.1084,17
model-1593970697,1593970817.897,0.8,0.0919,0.81,0.1001,17
model-1593970697,1593970818.068,0.86,0.0831,0.77,0.1067,17
model-1593970697,1593970818.237,0.86,0.071,0.8,0.0916,17
model-1593970697,1593970818.409,0.81,0.0873,0.78,0.0981,17
model-1593970697,1593970818.584,0.82,0.0897,0.76,0.1111,17
model-1593970697,1593970818.758,0.85,0.0829,0.78,0.1114,17
model-1593970697,1593970818.929,0.81,0.0855,0.78,0.11,17
model-1593970697,1593970819.101,0.82,0.1044,0.81,0.0901,17
model-1593970697,1593970819.277,0.77,0.0992,0.77,0.105,17
model-1593970697,1593970819.446,0.79,0.0929,0.77,0.1078,17
model-1593970697,1593970819.525,0.93,0.0332,0.75,0.1144,17
model-1593970697,1593970819.693,0.81,0.0821,0.75,0.114,18
model-1593970697,1593970819.864,0.8,0.0865,0.85,0.0884,18
model-1593970697,1593970820.035,0.88,0.0806,0.77,0.1121,18
model-1593970697,1593970820.21,0.86,0.0682,0.75,0.1086,18
model-1593970697,1593970820.388,0.82,0.0832,0.7,0.1317,18
model-1593970697,1593970820.553,0.79,0.0856,0.82,0.0857,18
model-1593970697,1593970820.73,0.84,0.0721,0.71,0.1321,18
model-1593970697,1593970820.901,0.78,0.1049,0.76,0.1129,18
model-1593970697,1593970821.067,0.83,0.0796,0.77,0.1085,18
model-1593970697,1593970821.241,0.87,0.0537,0.74,0.1219,18
model-1593970697,1593970821.42,0.85,0.0717,0.81,0.0878,18
model-1593970697,1593970821.591,0.83,0.0825,0.73,0.1174,18
model-1593970697,1593970821.759,0.78,0.0951,0.74,0.1277,18
model-1593970697,1593970821.927,0.83,0.1064,0.8,0.1042,18
model-1593970697,1593970822.094,0.88,0.0769,0.86,0.0858,18
model-1593970697,1593970822.26,0.83,0.0779,0.81,0.1094,18
model-1593970697,1593970822.43,0.86,0.0812,0.81,0.0917,18
model-1593970697,1593970822.607,0.82,0.1032,0.79,0.0945,18
model-1593970697,1593970822.777,0.85,0.0765,0.77,0.1056,18
model-1593970697,1593970822.948,0.81,0.0839,0.79,0.1029,18
model-1593970697,1593970823.118,0.83,0.0772,0.81,0.0884,18
model-1593970697,1593970823.29,0.91,0.0495,0.77,0.1029,18
model-1593970697,1593970823.456,0.83,0.0768,0.78,0.1052,18
model-1593970697,1593970823.625,0.79,0.0932,0.8,0.0918,18
model-1593970697,1593970823.796,0.85,0.0757,0.74,0.1121,18
model-1593970697,1593970823.966,0.78,0.0934,0.71,0.1321,18
model-1593970697,1593970824.134,0.83,0.0834,0.76,0.1117,18
model-1593970697,1593970824.307,0.8,0.1013,0.72,0.1185,18
model-1593970697,1593970824.475,0.79,0.0987,0.81,0.0929,18
model-1593970697,1593970824.645,0.79,0.0902,0.78,0.109,18
model-1593970697,1593970824.812,0.85,0.0825,0.74,0.1063,18
model-1593970697,1593970824.981,0.86,0.0686,0.75,0.1145,18
model-1593970697,1593970825.15,0.8,0.087,0.8,0.0903,18
model-1593970697,1593970825.317,0.83,0.0888,0.75,0.1107,18
model-1593970697,1593970825.49,0.83,0.0797,0.77,0.1121,18
model-1593970697,1593970825.662,0.82,0.0833,0.76,0.1166,18
model-1593970697,1593970825.847,0.81,0.1036,0.79,0.0968,18
model-1593970697,1593970826.015,0.78,0.0986,0.84,0.078,18
model-1593970697,1593970826.186,0.8,0.091,0.8,0.0917,18
model-1593970697,1593970826.263,1.0,0.0272,0.75,0.1239,18
model-1593970697,1593970826.436,0.81,0.0807,0.78,0.0997,19
model-1593970697,1593970826.609,0.79,0.0862,0.68,0.1267,19
model-1593970697,1593970826.783,0.88,0.0788,0.78,0.1156,19
model-1593970697,1593970826.951,0.87,0.0667,0.87,0.0862,19
model-1593970697,1593970827.122,0.83,0.082,0.75,0.115,19
model-1593970697,1593970827.297,0.81,0.0831,0.78,0.1033,19
model-1593970697,1593970827.469,0.84,0.0721,0.76,0.1121,19
model-1593970697,1593970827.641,0.79,0.102,0.75,0.1151,19
model-1593970697,1593970827.821,0.83,0.0795,0.75,0.1119,19
model-1593970697,1593970827.989,0.88,0.053,0.76,0.1079,19
model-1593970697,1593970828.157,0.85,0.0696,0.76,0.1074,19
model-1593970697,1593970828.325,0.83,0.0823,0.82,0.0944,19
model-1593970697,1593970828.498,0.77,0.0949,0.85,0.0907,19
model-1593970697,1593970828.664,0.84,0.1039,0.82,0.096,19
model-1593970697,1593970828.836,0.89,0.0758,0.77,0.1087,19
model-1593970697,1593970829.009,0.83,0.0788,0.77,0.1087,19
model-1593970697,1593970829.18,0.87,0.0783,0.81,0.0958,19
model-1593970697,1593970829.349,0.8,0.1019,0.78,0.1071,19
model-1593970697,1593970829.519,0.84,0.0755,0.75,0.117,19
model-1593970697,1593970829.694,0.8,0.0847,0.75,0.1143,19
model-1593970697,1593970829.861,0.84,0.0779,0.79,0.108,19
model-1593970697,1593970830.029,0.92,0.0474,0.75,0.1136,19
model-1593970697,1593970830.198,0.84,0.0741,0.79,0.1042,19
model-1593970697,1593970830.366,0.8,0.0922,0.72,0.1291,19
model-1593970697,1593970830.54,0.84,0.076,0.77,0.1043,19
model-1593970697,1593970830.708,0.79,0.0956,0.76,0.111,19
model-1593970697,1593970830.885,0.82,0.083,0.76,0.116,19
model-1593970697,1593970831.064,0.8,0.0974,0.74,0.1179,19
model-1593970697,1593970831.23,0.8,0.0958,0.72,0.1196,19
model-1593970697,1593970831.403,0.81,0.0879,0.76,0.1091,19
model-1593970697,1593970831.571,0.85,0.0833,0.77,0.1045,19
model-1593970697,1593970831.741,0.87,0.0664,0.78,0.109,19
model-1593970697,1593970831.916,0.81,0.0842,0.75,0.1174,19
model-1593970697,1593970832.09,0.83,0.0867,0.75,0.1108,19
model-1593970697,1593970832.258,0.84,0.0774,0.76,0.1138,19
model-1593970697,1593970832.43,0.83,0.0817,0.77,0.1055,19
model-1593970697,1593970832.598,0.79,0.1036,0.78,0.1062,19
model-1593970697,1593970832.765,0.77,0.0993,0.76,0.118,19
model-1593970697,1593970832.933,0.81,0.0888,0.77,0.1102,19
model-1593970697,1593970833.011,1.0,0.0248,0.76,0.1158,19
model-1593970697,1593970833.189,0.81,0.0789,0.78,0.1013,20
model-1593970697,1593970833.361,0.8,0.0857,0.84,0.0865,20
model-1593970697,1593970833.532,0.88,0.0766,0.78,0.108,20
model-1593970697,1593970833.7,0.87,0.0655,0.8,0.1027,20
model-1593970697,1593970833.872,0.82,0.0803,0.83,0.0825,20
model-1593970697,1593970834.042,0.81,0.0813,0.75,0.1158,20
model-1593970697,1593970834.212,0.83,0.0715,0.76,0.1121,20
model-1593970697,1593970834.382,0.8,0.0999,0.8,0.0934,20
model-1593970697,1593970834.549,0.83,0.0794,0.75,0.1143,20
model-1593970697,1593970834.718,0.89,0.0528,0.78,0.1038,20
model-1593970697,1593970834.894,0.86,0.0673,0.68,0.1402,20
model-1593970697,1593970835.061,0.83,0.0825,0.81,0.0913,20
model-1593970697,1593970835.231,0.78,0.0942,0.73,0.1156,20
model-1593970697,1593970835.401,0.84,0.1021,0.75,0.1295,20
model-1593970697,1593970835.569,0.89,0.0751,0.83,0.0823,20
model-1593970697,1593970835.739,0.82,0.079,0.8,0.1127,20
model-1593970697,1593970835.911,0.87,0.0761,0.77,0.1053,20
model-1593970697,1593970836.088,0.8,0.1005,0.78,0.1032,20
model-1593970697,1593970836.263,0.84,0.0732,0.79,0.0965,20
model-1593970697,1593970836.431,0.8,0.0852,0.78,0.101,20
model-1593970697,1593970836.601,0.84,0.0792,0.78,0.1117,20
model-1593970697,1593970836.771,0.92,0.0461,0.77,0.1091,20
model-1593970697,1593970836.938,0.84,0.0703,0.84,0.0844,20
model-1593970697,1593970837.11,0.8,0.0902,0.74,0.1212,20
model-1593970697,1593970837.289,0.84,0.0768,0.81,0.0887,20
model-1593970697,1593970837.47,0.79,0.0989,0.74,0.1185,20
model-1593970697,1593970837.633,0.82,0.0846,0.8,0.1026,20
model-1593970697,1593970837.805,0.83,0.0914,0.68,0.1334,20
model-1593970697,1593970837.976,0.82,0.0914,0.74,0.1228,20
model-1593970697,1593970838.146,0.81,0.0841,0.81,0.0988,20
model-1593970697,1593970838.318,0.85,0.0836,0.84,0.0882,20
model-1593970697,1593970838.488,0.85,0.0643,0.81,0.0974,20
model-1593970697,1593970838.661,0.81,0.0812,0.76,0.1122,20
model-1593970697,1593970838.83,0.82,0.0845,0.76,0.1091,20
model-1593970697,1593970839.007,0.85,0.0759,0.79,0.093,20
model-1593970697,1593970839.178,0.84,0.0812,0.7,0.1265,20
model-1593970697,1593970839.349,0.78,0.1049,0.8,0.089,20
model-1593970697,1593970839.52,0.75,0.0996,0.77,0.1165,20
model-1593970697,1593970839.694,0.8,0.0872,0.79,0.1081,20
model-1593970697,1593970839.772,1.0,0.0229,0.78,0.1128,20
model-1593970697,1593970839.949,0.82,0.0761,0.74,0.1168,21
model-1593970697,1593970840.119,0.8,0.0844,0.78,0.1079,21
model-1593970697,1593970840.293,0.88,0.0749,0.78,0.1059,21
model-1593970697,1593970840.463,0.87,0.0635,0.78,0.1137,21
model-1593970697,1593970840.639,0.82,0.0764,0.74,0.1153,21
model-1593970697,1593970840.811,0.82,0.079,0.73,0.126,21
model-1593970697,1593970840.979,0.83,0.0697,0.78,0.108,21
model-1593970697,1593970841.152,0.81,0.0976,0.81,0.0858,21
model-1593970697,1593970841.319,0.84,0.0792,0.77,0.1029,21
model-1593970697,1593970841.496,0.87,0.0541,0.72,0.1304,21
model-1593970697,1593970841.675,0.85,0.0654,0.72,0.1101,21
model-1593970697,1593970841.859,0.83,0.0781,0.7,0.1273,21
model-1593970697,1593970842.029,0.77,0.0922,0.76,0.112,21
model-1593970697,1593970842.2,0.84,0.1007,0.84,0.081,21
model-1593970697,1593970842.373,0.88,0.074,0.74,0.1255,21
model-1593970697,1593970842.547,0.84,0.0767,0.81,0.1067,21
model-1593970697,1593970842.717,0.86,0.0753,0.78,0.1041,21
model-1593970697,1593970842.894,0.8,0.0984,0.79,0.1027,21
model-1593970697,1593970843.064,0.84,0.0707,0.77,0.1114,21
model-1593970697,1593970843.233,0.8,0.0847,0.8,0.1003,21
model-1593970697,1593970843.401,0.84,0.0785,0.75,0.1102,21
model-1593970697,1593970843.579,0.93,0.0451,0.85,0.0862,21
model-1593970697,1593970843.75,0.86,0.069,0.75,0.1091,21
model-1593970697,1593970843.92,0.8,0.0904,0.74,0.1089,21
model-1593970697,1593970844.091,0.83,0.075,0.77,0.1051,21
model-1593970697,1593970844.264,0.79,0.0981,0.76,0.0916,21
model-1593970697,1593970844.439,0.81,0.0857,0.78,0.0904,21
model-1593970697,1593970844.61,0.82,0.0872,0.84,0.0867,21
model-1593970697,1593970844.781,0.82,0.0871,0.69,0.1223,21
model-1593970697,1593970844.95,0.82,0.0816,0.76,0.1177,21
model-1593970697,1593970845.122,0.84,0.0845,0.77,0.1144,21
model-1593970697,1593970845.294,0.84,0.0645,0.78,0.1089,21
model-1593970697,1593970845.466,0.81,0.0785,0.73,0.12,21
model-1593970697,1593970845.636,0.84,0.0846,0.78,0.0874,21
model-1593970697,1593970845.81,0.86,0.0758,0.76,0.1129,21
model-1593970697,1593970845.985,0.83,0.0823,0.75,0.1056,21
model-1593970697,1593970846.15,0.77,0.1055,0.75,0.1186,21
model-1593970697,1593970846.317,0.75,0.0989,0.78,0.1087,21
model-1593970697,1593970846.489,0.81,0.0858,0.75,0.1194,21
model-1593970697,1593970846.567,1.0,0.0217,0.83,0.0867,21
model-1593970697,1593970846.738,0.83,0.0706,0.8,0.0931,22
model-1593970697,1593970846.915,0.8,0.0812,0.75,0.1166,22
model-1593970697,1593970847.091,0.87,0.0732,0.79,0.113,22
model-1593970697,1593970847.258,0.88,0.0623,0.78,0.1104,22
model-1593970697,1593970847.433,0.82,0.0718,0.81,0.0911,22
model-1593970697,1593970847.608,0.83,0.0782,0.86,0.0814,22
model-1593970697,1593970847.78,0.83,0.0676,0.76,0.1096,22
model-1593970697,1593970847.953,0.8,0.0971,0.77,0.105,22
model-1593970697,1593970848.128,0.87,0.0767,0.79,0.0867,22
model-1593970697,1593970848.297,0.89,0.0509,0.8,0.0932,22
model-1593970697,1593970848.472,0.86,0.0645,0.75,0.1057,22
model-1593970697,1593970848.645,0.84,0.0738,0.75,0.1101,22
model-1593970697,1593970848.816,0.78,0.0894,0.75,0.1131,22
model-1593970697,1593970848.987,0.85,0.0998,0.8,0.1013,22
model-1593970697,1593970849.157,0.88,0.0743,0.84,0.0892,22
model-1593970697,1593970849.338,0.84,0.074,0.83,0.0873,22
model-1593970697,1593970849.505,0.86,0.0752,0.78,0.1092,22
model-1593970697,1593970849.673,0.8,0.0963,0.79,0.1055,22
model-1593970697,1593970849.843,0.87,0.0675,0.74,0.1183,22
model-1593970697,1593970850.013,0.8,0.0835,0.75,0.1136,22
model-1593970697,1593970850.185,0.84,0.0768,0.79,0.0969,22
model-1593970697,1593970850.356,0.93,0.0431,0.75,0.1328,22
model-1593970697,1593970850.529,0.89,0.0672,0.76,0.1283,22
model-1593970697,1593970850.699,0.81,0.0904,0.75,0.1124,22
model-1593970697,1593970850.87,0.84,0.0736,0.72,0.1267,22
model-1593970697,1593970851.041,0.8,0.0937,0.7,0.1269,22
model-1593970697,1593970851.212,0.81,0.0847,0.76,0.1086,22
model-1593970697,1593970851.381,0.83,0.0831,0.76,0.1132,22
model-1593970697,1593970851.559,0.82,0.0851,0.77,0.1169,22
model-1593970697,1593970851.728,0.82,0.0799,0.66,0.1422,22
model-1593970697,1593970851.897,0.85,0.0821,0.8,0.108,22
model-1593970697,1593970852.067,0.86,0.0619,0.76,0.1118,22
model-1593970697,1593970852.252,0.82,0.0774,0.74,0.1127,22
model-1593970697,1593970852.426,0.83,0.0844,0.75,0.0995,22
model-1593970697,1593970852.592,0.83,0.0751,0.77,0.0932,22
model-1593970697,1593970852.764,0.85,0.0812,0.74,0.1134,22
model-1593970697,1593970852.941,0.78,0.1035,0.78,0.1059,22
model-1593970697,1593970853.116,0.75,0.0972,0.76,0.1132,22
model-1593970697,1593970853.289,0.81,0.0832,0.81,0.0979,22
model-1593970697,1593970853.369,1.0,0.018,0.77,0.1101,22
model-1593970697,1593970853.541,0.84,0.0675,0.73,0.122,23
model-1593970697,1593970853.713,0.83,0.0773,0.78,0.1012,23
model-1593970697,1593970853.885,0.87,0.0715,0.84,0.0809,23
model-1593970697,1593970854.055,0.88,0.0614,0.79,0.1018,23
model-1593970697,1593970854.229,0.83,0.0707,0.8,0.0996,23
model-1593970697,1593970854.4,0.83,0.0794,0.78,0.1045,23
model-1593970697,1593970854.576,0.85,0.066,0.82,0.0931,23
model-1593970697,1593970854.747,0.8,0.0967,0.76,0.1071,23
model-1593970697,1593970854.923,0.87,0.0748,0.76,0.1165,23
model-1593970697,1593970855.098,0.89,0.0468,0.75,0.1136,23
model-1593970697,1593970855.27,0.87,0.0637,0.84,0.0951,23
model-1593970697,1593970855.445,0.86,0.0723,0.73,0.1196,23
model-1593970697,1593970855.618,0.77,0.0885,0.75,0.1135,23
model-1593970697,1593970855.79,0.86,0.0989,0.78,0.1072,23
model-1593970697,1593970855.966,0.87,0.0746,0.82,0.0869,23
model-1593970697,1593970856.137,0.84,0.0727,0.79,0.1013,23
model-1593970697,1593970856.307,0.86,0.0753,0.76,0.1063,23
model-1593970697,1593970856.479,0.82,0.0945,0.73,0.1227,23
model-1593970697,1593970856.655,0.88,0.0646,0.75,0.1146,23
model-1593970697,1593970856.825,0.82,0.0816,0.78,0.0997,23
model-1593970697,1593970856.995,0.85,0.0736,0.76,0.1054,23
model-1593970697,1593970857.166,0.93,0.0416,0.84,0.0894,23
model-1593970697,1593970857.333,0.89,0.066,0.8,0.0878,23
model-1593970697,1593970857.506,0.8,0.0881,0.76,0.1138,23
model-1593970697,1593970857.68,0.87,0.0736,0.76,0.1186,23
model-1593970697,1593970857.85,0.81,0.0906,0.72,0.1233,23
model-1593970697,1593970858.019,0.83,0.0853,0.75,0.1104,23
model-1593970697,1593970858.188,0.85,0.0803,0.71,0.1193,23
model-1593970697,1593970858.36,0.84,0.0849,0.75,0.1178,23
model-1593970697,1593970858.537,0.82,0.0782,0.76,0.1203,23
model-1593970697,1593970858.706,0.86,0.0787,0.76,0.113,23
model-1593970697,1593970858.873,0.89,0.0575,0.68,0.134,23
model-1593970697,1593970859.05,0.83,0.0781,0.8,0.087,23
model-1593970697,1593970859.221,0.8,0.0848,0.78,0.0964,23
model-1593970697,1593970859.39,0.85,0.074,0.78,0.1016,23
model-1593970697,1593970859.559,0.86,0.078,0.77,0.1158,23
model-1593970697,1593970859.727,0.81,0.1024,0.77,0.1172,23
model-1593970697,1593970859.896,0.75,0.0983,0.71,0.1339,23
model-1593970697,1593970860.068,0.84,0.0806,0.81,0.0918,23
model-1593970697,1593970860.156,1.0,0.0133,0.81,0.0874,23
model-1593970697,1593970860.322,0.87,0.0687,0.84,0.0812,24
model-1593970697,1593970860.491,0.84,0.0755,0.7,0.1277,24
model-1593970697,1593970860.665,0.88,0.0692,0.8,0.1041,24
model-1593970697,1593970860.834,0.89,0.0598,0.8,0.1148,24
model-1593970697,1593970861.003,0.85,0.0745,0.79,0.1126,24
model-1593970697,1593970861.174,0.85,0.0811,0.79,0.0971,24
model-1593970697,1593970861.35,0.86,0.067,0.75,0.1083,24
model-1593970697,1593970861.516,0.79,0.0966,0.82,0.0828,24
model-1593970697,1593970861.687,0.88,0.0746,0.78,0.1011,24
model-1593970697,1593970861.861,0.9,0.0461,0.75,0.1139,24
model-1593970697,1593970862.032,0.86,0.0652,0.81,0.1059,24
model-1593970697,1593970862.203,0.85,0.0733,0.75,0.12,24
model-1593970697,1593970862.374,0.78,0.0878,0.82,0.0948,24
model-1593970697,1593970862.55,0.85,0.0982,0.77,0.1117,24
model-1593970697,1593970862.721,0.86,0.0756,0.8,0.0922,24
model-1593970697,1593970862.901,0.84,0.0719,0.73,0.1291,24
model-1593970697,1593970863.071,0.87,0.0749,0.77,0.1113,24
model-1593970697,1593970863.24,0.83,0.0944,0.76,0.1114,24
model-1593970697,1593970863.41,0.87,0.0615,0.8,0.0899,24
model-1593970697,1593970863.58,0.81,0.079,0.76,0.1121,24
model-1593970697,1593970863.755,0.85,0.0704,0.75,0.1083,24
model-1593970697,1593970863.926,0.92,0.0405,0.78,0.0998,24
model-1593970697,1593970864.092,0.89,0.0623,0.75,0.1106,24
model-1593970697,1593970864.262,0.82,0.0829,0.8,0.0918,24
model-1593970697,1593970864.443,0.87,0.0741,0.74,0.1074,24
model-1593970697,1593970864.612,0.83,0.0876,0.73,0.1198,24
model-1593970697,1593970864.782,0.81,0.0838,0.77,0.1088,24
model-1593970697,1593970864.957,0.85,0.0796,0.8,0.095,24
model-1593970697,1593970865.137,0.85,0.0849,0.77,0.1148,24
model-1593970697,1593970865.304,0.83,0.0758,0.81,0.0987,24
model-1593970697,1593970865.476,0.87,0.0742,0.77,0.1177,24
model-1593970697,1593970865.651,0.91,0.0543,0.78,0.0956,24
model-1593970697,1593970865.819,0.83,0.0787,0.74,0.1197,24
model-1593970697,1593970865.996,0.81,0.0838,0.77,0.1084,24
model-1593970697,1593970866.169,0.86,0.072,0.73,0.1181,24
model-1593970697,1593970866.342,0.86,0.0772,0.73,0.1176,24
model-1593970697,1593970866.513,0.82,0.1002,0.77,0.1162,24
model-1593970697,1593970866.683,0.77,0.0998,0.77,0.1157,24
model-1593970697,1593970866.851,0.85,0.0773,0.75,0.118,24
model-1593970697,1593970866.932,1.0,0.0109,0.75,0.1172,24
model-1593970697,1593970867.109,0.87,0.0741,0.68,0.1349,25
model-1593970697,1593970867.284,0.82,0.0731,0.8,0.1112,25
model-1593970697,1593970867.456,0.88,0.068,0.79,0.1129,25
model-1593970697,1593970867.633,0.89,0.0572,0.77,0.1103,25
model-1593970697,1593970867.803,0.85,0.075,0.78,0.1176,25
model-1593970697,1593970867.975,0.8,0.0848,0.83,0.0828,25
model-1593970697,1593970868.153,0.86,0.0729,0.74,0.1165,25
model-1593970697,1593970868.335,0.8,0.0971,0.77,0.1112,25
model-1593970697,1593970868.508,0.85,0.0741,0.77,0.1107,25
model-1593970697,1593970868.676,0.9,0.0452,0.78,0.1142,25
model-1593970697,1593970868.847,0.85,0.0682,0.74,0.1275,25
model-1593970697,1593970869.021,0.82,0.0753,0.77,0.1239,25
model-1593970697,1593970869.189,0.79,0.0876,0.79,0.1079,25
model-1593970697,1593970869.366,0.84,0.097,0.75,0.123,25
model-1593970697,1593970869.538,0.87,0.0759,0.7,0.1369,25
model-1593970697,1593970869.709,0.84,0.0736,0.73,0.1199,25
model-1593970697,1593970869.884,0.87,0.0807,0.75,0.1159,25
model-1593970697,1593970870.054,0.83,0.0954,0.78,0.0934,25
model-1593970697,1593970870.222,0.85,0.0636,0.8,0.0951,25
model-1593970697,1593970870.393,0.81,0.0787,0.78,0.0978,25
model-1593970697,1593970870.561,0.84,0.0679,0.78,0.0961,25
model-1593970697,1593970870.728,0.93,0.0411,0.74,0.1338,25
model-1593970697,1593970870.895,0.91,0.0606,0.79,0.1042,25
model-1593970697,1593970871.064,0.85,0.0779,0.75,0.1063,25
model-1593970697,1593970871.233,0.87,0.0736,0.73,0.1224,25
model-1593970697,1593970871.403,0.83,0.0853,0.73,0.1181,25
model-1593970697,1593970871.573,0.81,0.081,0.76,0.1096,25
model-1593970697,1593970871.74,0.84,0.0792,0.77,0.1112,25
model-1593970697,1593970871.915,0.82,0.0858,0.76,0.1195,25
model-1593970697,1593970872.084,0.85,0.0745,0.72,0.1186,25
model-1593970697,1593970872.254,0.85,0.0716,0.73,0.123,25
model-1593970697,1593970872.43,0.9,0.0536,0.76,0.0898,25
model-1593970697,1593970872.6,0.82,0.0783,0.76,0.1092,25
model-1593970697,1593970872.768,0.81,0.0794,0.72,0.1133,25
model-1593970697,1593970872.938,0.85,0.0701,0.72,0.1206,25
model-1593970697,1593970873.109,0.84,0.079,0.74,0.115,25
model-1593970697,1593970873.277,0.83,0.0936,0.76,0.1033,25
model-1593970697,1593970873.453,0.77,0.1014,0.74,0.1187,25
model-1593970697,1593970873.633,0.85,0.0753,0.74,0.1262,25
model-1593970697,1593970873.713,1.0,0.0117,0.74,0.1228,25
model-1593970697,1593970873.88,0.82,0.0786,0.78,0.1006,26
model-1593970697,1593970874.05,0.82,0.0744,0.8,0.0909,26
model-1593970697,1593970874.223,0.87,0.0714,0.77,0.1123,26
model-1593970697,1593970874.394,0.89,0.0531,0.8,0.1095,26
model-1593970697,1593970874.565,0.86,0.0689,0.77,0.1141,26
model-1593970697,1593970874.736,0.81,0.0784,0.79,0.1048,26
model-1593970697,1593970874.904,0.85,0.0762,0.8,0.0991,26
model-1593970697,1593970875.076,0.81,0.0972,0.76,0.1133,26
model-1593970697,1593970875.246,0.86,0.0742,0.74,0.1118,26
model-1593970697,1593970875.414,0.89,0.0469,0.77,0.115,26
model-1593970697,1593970875.585,0.89,0.0614,0.81,0.0975,26
model-1593970697,1593970875.758,0.84,0.0719,0.69,0.1313,26
model-1593970697,1593970875.928,0.79,0.0877,0.72,0.1245,26
model-1593970697,1593970876.095,0.82,0.0994,0.77,0.1239,26
model-1593970697,1593970876.268,0.87,0.0754,0.76,0.1123,26
model-1593970697,1593970876.445,0.85,0.0697,0.75,0.1191,26
model-1593970697,1593970876.615,0.88,0.0731,0.77,0.0954,26
model-1593970697,1593970876.783,0.83,0.0948,0.71,0.1298,26
model-1593970697,1593970876.96,0.85,0.07,0.75,0.112,26
model-1593970697,1593970877.128,0.79,0.084,0.75,0.1152,26
model-1593970697,1593970877.298,0.86,0.0738,0.76,0.1119,26
model-1593970697,1593970877.47,0.93,0.0418,0.78,0.1074,26
model-1593970697,1593970877.642,0.9,0.0587,0.76,0.1078,26
model-1593970697,1593970877.814,0.84,0.0789,0.74,0.1301,26
model-1593970697,1593970877.987,0.87,0.0754,0.7,0.1386,26
model-1593970697,1593970878.159,0.79,0.0951,0.71,0.1312,26
model-1593970697,1593970878.335,0.79,0.0931,0.76,0.1076,26
model-1593970697,1593970878.504,0.85,0.0805,0.76,0.1093,26
model-1593970697,1593970878.674,0.82,0.0788,0.71,0.1283,26
model-1593970697,1593970878.856,0.83,0.0743,0.74,0.1268,26
model-1593970697,1593970879.039,0.86,0.073,0.69,0.1319,26
model-1593970697,1593970879.208,0.89,0.0582,0.76,0.1219,26
model-1593970697,1593970879.384,0.82,0.077,0.69,0.1342,26
model-1593970697,1593970879.56,0.81,0.081,0.71,0.1369,26
model-1593970697,1593970879.732,0.85,0.076,0.79,0.0885,26
model-1593970697,1593970879.901,0.84,0.0849,0.78,0.0948,26
model-1593970697,1593970880.074,0.83,0.0863,0.7,0.1393,26
model-1593970697,1593970880.25,0.77,0.1007,0.83,0.0888,26
model-1593970697,1593970880.42,0.85,0.0764,0.76,0.1113,26
model-1593970697,1593970880.502,1.0,0.014,0.77,0.0866,26
model-1593970697,1593970880.673,0.85,0.0726,0.78,0.1109,27
model-1593970697,1593970880.845,0.83,0.0726,0.79,0.0933,27
model-1593970697,1593970881.021,0.86,0.0733,0.74,0.1132,27
model-1593970697,1593970881.191,0.88,0.0535,0.78,0.1098,27
model-1593970697,1593970881.366,0.86,0.0623,0.82,0.0928,27
model-1593970697,1593970881.538,0.85,0.073,0.78,0.104,27
model-1593970697,1593970881.708,0.85,0.0699,0.78,0.1042,27
model-1593970697,1593970881.879,0.78,0.1019,0.81,0.0877,27
model-1593970697,1593970882.052,0.87,0.0717,0.76,0.1099,27
model-1593970697,1593970882.221,0.87,0.055,0.71,0.1143,27
model-1593970697,1593970882.396,0.91,0.0584,0.82,0.0947,27
model-1593970697,1593970882.568,0.88,0.0641,0.69,0.1284,27
model-1593970697,1593970882.747,0.79,0.0826,0.68,0.1313,27
model-1593970697,1593970882.917,0.85,0.0942,0.78,0.1229,27
model-1593970697,1593970883.088,0.82,0.0774,0.84,0.0901,27
model-1593970697,1593970883.26,0.82,0.0777,0.77,0.1036,27
model-1593970697,1593970883.429,0.87,0.0729,0.72,0.1156,27
model-1593970697,1593970883.6,0.85,0.0886,0.74,0.1177,27
model-1593970697,1593970883.766,0.84,0.0628,0.8,0.1019,27
model-1593970697,1593970883.94,0.81,0.0861,0.74,0.1318,27
model-1593970697,1593970884.112,0.84,0.0865,0.77,0.1179,27
model-1593970697,1593970884.287,0.86,0.0571,0.83,0.0873,27
model-1593970697,1593970884.464,0.89,0.0617,0.8,0.0978,27
model-1593970697,1593970884.634,0.81,0.0861,0.78,0.0918,27
model-1593970697,1593970884.805,0.85,0.0685,0.75,0.1207,27
model-1593970697,1593970884.98,0.81,0.0914,0.74,0.1134,27
model-1593970697,1593970885.158,0.75,0.0942,0.74,0.1075,27
model-1593970697,1593970885.326,0.8,0.0896,0.76,0.1201,27
model-1593970697,1593970885.496,0.83,0.0805,0.74,0.1153,27
model-1593970697,1593970885.669,0.8,0.0834,0.81,0.0969,27
model-1593970697,1593970885.839,0.9,0.067,0.76,0.1241,27
model-1593970697,1593970886.009,0.88,0.0636,0.68,0.1452,27
model-1593970697,1593970886.18,0.82,0.0775,0.77,0.1056,27
model-1593970697,1593970886.354,0.85,0.0869,0.73,0.1242,27
model-1593970697,1593970886.523,0.86,0.0822,0.74,0.1125,27
model-1593970697,1593970886.697,0.79,0.1024,0.7,0.1327,27
model-1593970697,1593970886.871,0.82,0.0943,0.73,0.114,27
model-1593970697,1593970887.038,0.79,0.0899,0.79,0.0984,27
model-1593970697,1593970887.211,0.87,0.0726,0.74,0.1126,27
model-1593970697,1593970887.292,1.0,0.0165,0.72,0.1377,27
model-1593970697,1593970887.462,0.84,0.0798,0.74,0.1309,28
model-1593970697,1593970887.633,0.84,0.0819,0.79,0.1135,28
model-1593970697,1593970887.803,0.85,0.0841,0.8,0.09,28
model-1593970697,1593970887.971,0.87,0.0556,0.73,0.1148,28
model-1593970697,1593970888.138,0.86,0.0648,0.75,0.1132,28
model-1593970697,1593970888.309,0.85,0.0742,0.78,0.0987,28
model-1593970697,1593970888.484,0.87,0.0644,0.8,0.0954,28
model-1593970697,1593970888.651,0.77,0.0996,0.73,0.1226,28
model-1593970697,1593970888.818,0.87,0.0715,0.77,0.1129,28
model-1593970697,1593970888.99,0.86,0.0586,0.75,0.119,28
model-1593970697,1593970889.161,0.88,0.0622,0.79,0.1111,28
model-1593970697,1593970889.334,0.86,0.0667,0.76,0.1164,28
model-1593970697,1593970889.512,0.84,0.0778,0.76,0.1216,28
model-1593970697,1593970889.696,0.86,0.0921,0.74,0.1247,28
model-1593970697,1593970889.865,0.87,0.0733,0.83,0.0867,28
model-1593970697,1593970890.038,0.83,0.0822,0.76,0.1211,28
model-1593970697,1593970890.216,0.86,0.0774,0.75,0.1185,28
model-1593970697,1593970890.382,0.86,0.0884,0.77,0.1076,28
model-1593970697,1593970890.551,0.89,0.0566,0.72,0.1162,28
model-1593970697,1593970890.725,0.82,0.0786,0.74,0.115,28
model-1593970697,1593970890.896,0.83,0.082,0.75,0.1092,28
model-1593970697,1593970891.069,0.88,0.056,0.78,0.1037,28
model-1593970697,1593970891.239,0.91,0.0633,0.73,0.1145,28
model-1593970697,1593970891.408,0.8,0.0829,0.75,0.1108,28
model-1593970697,1593970891.577,0.87,0.0651,0.82,0.084,28
model-1593970697,1593970891.75,0.81,0.0818,0.74,0.1261,28
model-1593970697,1593970891.917,0.87,0.0694,0.8,0.0908,28
model-1593970697,1593970892.091,0.84,0.08,0.72,0.1342,28
model-1593970697,1593970892.261,0.83,0.0815,0.79,0.089,28
model-1593970697,1593970892.433,0.78,0.0946,0.77,0.0971,28
model-1593970697,1593970892.607,0.85,0.0718,0.81,0.0946,28
model-1593970697,1593970892.783,0.9,0.0572,0.82,0.0972,28
model-1593970697,1593970892.953,0.84,0.0746,0.77,0.1167,28
model-1593970697,1593970893.123,0.85,0.0821,0.73,0.1257,28
model-1593970697,1593970893.294,0.9,0.0775,0.67,0.148,28
model-1593970697,1593970893.47,0.79,0.0979,0.7,0.1497,28
model-1593970697,1593970893.639,0.79,0.1012,0.74,0.1181,28
model-1593970697,1593970893.812,0.8,0.0947,0.71,0.1193,28
model-1593970697,1593970893.982,0.85,0.0759,0.76,0.1151,28
model-1593970697,1593970894.064,1.0,0.0093,0.78,0.1154,28
model-1593970697,1593970894.233,0.87,0.0694,0.74,0.1188,29
model-1593970697,1593970894.402,0.87,0.0716,0.75,0.1202,29
model-1593970697,1593970894.579,0.87,0.085,0.8,0.1025,29
model-1593970697,1593970894.756,0.89,0.0591,0.74,0.1253,29
model-1593970697,1593970894.938,0.87,0.073,0.72,0.1246,29
model-1593970697,1593970895.107,0.84,0.0746,0.7,0.1346,29
model-1593970697,1593970895.275,0.85,0.0651,0.74,0.1209,29
model-1593970697,1593970895.451,0.8,0.0891,0.75,0.1171,29
model-1593970697,1593970895.622,0.88,0.0695,0.77,0.1094,29
model-1593970697,1593970895.788,0.91,0.046,0.76,0.1143,29
model-1593970697,1593970895.963,0.88,0.0562,0.79,0.1188,29
model-1593970697,1593970896.134,0.87,0.0703,0.78,0.1186,29
model-1593970697,1593970896.305,0.81,0.0878,0.77,0.1209,29
model-1593970697,1593970896.479,0.86,0.0884,0.8,0.1064,29
model-1593970697,1593970896.65,0.88,0.0655,0.76,0.1179,29
model-1593970697,1593970896.82,0.86,0.0699,0.76,0.1173,29
model-1593970697,1593970896.987,0.85,0.0736,0.76,0.1103,29
model-1593970697,1593970897.16,0.83,0.0863,0.79,0.0948,29
model-1593970697,1593970897.33,0.88,0.0585,0.75,0.1202,29
model-1593970697,1593970897.503,0.81,0.0808,0.74,0.1147,29
model-1593970697,1593970897.678,0.87,0.0695,0.77,0.1166,29
model-1593970697,1593970897.847,0.92,0.0421,0.72,0.1119,29
model-1593970697,1593970898.015,0.92,0.0547,0.67,0.1353,29
model-1593970697,1593970898.183,0.83,0.0746,0.76,0.1111,29
model-1593970697,1593970898.358,0.86,0.0648,0.75,0.1106,29
model-1593970697,1593970898.528,0.82,0.0813,0.72,0.1265,29
model-1593970697,1593970898.701,0.88,0.0588,0.77,0.1129,29
model-1593970697,1593970898.875,0.87,0.0736,0.77,0.0981,29
model-1593970697,1593970899.047,0.85,0.0751,0.73,0.1225,29
model-1593970697,1593970899.216,0.83,0.0776,0.79,0.0938,29
model-1593970697,1593970899.386,0.87,0.067,0.69,0.1277,29
model-1593970697,1593970899.558,0.91,0.0521,0.74,0.1188,29
model-1593970697,1593970899.733,0.85,0.0705,0.69,0.1363,29
model-1593970697,1593970899.905,0.86,0.0838,0.7,0.1299,29
model-1593970697,1593970900.079,0.89,0.0714,0.76,0.098,29
model-1593970697,1593970900.256,0.86,0.0803,0.74,0.1235,29
model-1593970697,1593970900.428,0.81,0.0905,0.77,0.1059,29
model-1593970697,1593970900.599,0.82,0.0883,0.71,0.13,29
model-1593970697,1593970900.78,0.84,0.0784,0.75,0.1146,29
model-1593970697,1593970900.859,1.0,0.0068,0.73,0.1155,29
